This file contains any messages produced by compilers while
running configure, to aid debugging if configure makes a mistake.

It was created by configure, which was
generated by GNU Autoconf 2.69.  Invocation command line was

  $ ./configure 

## --------- ##
## Platform. ##
## --------- ##

hostname = webstore
uname -m = x86_64
uname -r = 3.10.0-1062.4.3.el7.x86_64
uname -s = Linux
uname -v = #1 SMP Wed Nov 13 23:58:53 UTC 2019

/usr/bin/uname -p = x86_64
/bin/uname -X     = unknown

/bin/arch              = x86_64
/usr/bin/arch -k       = unknown
/usr/convex/getsysinfo = unknown
/usr/bin/hostinfo      = unknown
/bin/machine           = unknown
/usr/bin/oslevel       = unknown
/bin/universe          = unknown

PATH: /usr/local/sbin
PATH: /usr/local/bin
PATH: /usr/sbin
PATH: /usr/bin
PATH: /root/bin


## ----------- ##
## Core tests. ##
## ----------- ##

configure:2166: checking for grep that handles long lines and -e
configure:2224: result: /usr/bin/grep
configure:2229: checking for egrep
configure:2291: result: /usr/bin/grep -E
configure:2296: checking for a sed that does not truncate output
configure:2360: result: /usr/bin/sed
configure:2499: checking for cc
configure:2515: found /usr/bin/cc
configure:2526: result: cc
configure:2557: checking for C compiler version
configure:2566: cc --version >&5
cc (GCC) 4.8.5 20150623 (Red Hat 4.8.5-39)
Copyright (C) 2015 Free Software Foundation, Inc.
This is free software; see the source for copying conditions.  There is NO
warranty; not even for MERCHANTABILITY or FITNESS FOR A PARTICULAR PURPOSE.

configure:2577: $? = 0
configure:2566: cc -v >&5
Using built-in specs.
COLLECT_GCC=cc
COLLECT_LTO_WRAPPER=/usr/libexec/gcc/x86_64-redhat-linux/4.8.5/lto-wrapper
Target: x86_64-redhat-linux
Configured with: ../configure --prefix=/usr --mandir=/usr/share/man --infodir=/usr/share/info --with-bugurl=http://bugzilla.redhat.com/bugzilla --enable-bootstrap --enable-shared --enable-threads=posix --enable-checking=release --with-system-zlib --enable-__cxa_atexit --disable-libunwind-exceptions --enable-gnu-unique-object --enable-linker-build-id --with-linker-hash-style=gnu --enable-languages=c,c++,objc,obj-c++,java,fortran,ada,go,lto --enable-plugin --enable-initfini-array --disable-libgcj --with-isl=/builddir/build/BUILD/gcc-4.8.5-20150702/obj-x86_64-redhat-linux/isl-install --with-cloog=/builddir/build/BUILD/gcc-4.8.5-20150702/obj-x86_64-redhat-linux/cloog-install --enable-gnu-indirect-function --with-tune=generic --with-arch_32=x86-64 --build=x86_64-redhat-linux
Thread model: posix
gcc version 4.8.5 20150623 (Red Hat 4.8.5-39) (GCC) 
configure:2577: $? = 0
configure:2566: cc -V >&5
cc: error: unrecognized command line option '-V'
cc: fatal error: no input files
compilation terminated.
configure:2577: $? = 4
configure:2566: cc -qversion >&5
cc: error: unrecognized command line option '-qversion'
cc: fatal error: no input files
compilation terminated.
configure:2577: $? = 4
configure:2597: checking whether the C compiler works
configure:2619: cc    conftest.c  >&5
configure:2623: $? = 0
configure:2671: result: yes
configure:2674: checking for C compiler default output file name
configure:2676: result: a.out
configure:2682: checking for suffix of executables
configure:2689: cc -o conftest    conftest.c  >&5
configure:2693: $? = 0
configure:2715: result: 
configure:2737: checking whether we are cross compiling
configure:2745: cc -o conftest    conftest.c  >&5
configure:2749: $? = 0
configure:2756: ./conftest
configure:2760: $? = 0
configure:2775: result: no
configure:2780: checking for suffix of object files
configure:2802: cc -c   conftest.c >&5
configure:2806: $? = 0
configure:2827: result: o
configure:2831: checking whether we are using the GNU C compiler
configure:2850: cc -c   conftest.c >&5
configure:2850: $? = 0
configure:2859: result: yes
configure:2868: checking whether cc accepts -g
configure:2888: cc -c -g  conftest.c >&5
configure:2888: $? = 0
configure:2929: result: yes
configure:2946: checking for cc option to accept ISO C89
configure:3009: cc  -c -g -O2  conftest.c >&5
configure:3009: $? = 0
configure:3022: result: none needed
configure:3048: checking how to run the C preprocessor
configure:3079: cc -E  conftest.c
configure:3079: $? = 0
configure:3093: cc -E  conftest.c
conftest.c:9:28: fatal error: ac_nonexistent.h: No such file or directory
 #include <ac_nonexistent.h>
                            ^
compilation terminated.
configure:3093: $? = 1
configure: failed program was:
| /* confdefs.h */
| #define PACKAGE_NAME ""
| #define PACKAGE_TARNAME ""
| #define PACKAGE_VERSION ""
| #define PACKAGE_STRING ""
| #define PACKAGE_BUGREPORT ""
| #define PACKAGE_URL ""
| /* end confdefs.h.  */
| #include <ac_nonexistent.h>
configure:3118: result: cc -E
configure:3138: cc -E  conftest.c
configure:3138: $? = 0
configure:3152: cc -E  conftest.c
conftest.c:9:28: fatal error: ac_nonexistent.h: No such file or directory
 #include <ac_nonexistent.h>
                            ^
compilation terminated.
configure:3152: $? = 1
configure: failed program was:
| /* confdefs.h */
| #define PACKAGE_NAME ""
| #define PACKAGE_TARNAME ""
| #define PACKAGE_VERSION ""
| #define PACKAGE_STRING ""
| #define PACKAGE_BUGREPORT ""
| #define PACKAGE_URL ""
| /* end confdefs.h.  */
| #include <ac_nonexistent.h>
configure:3183: checking for icc
configure:3192: result: no
configure:3206: checking for suncc
configure:3215: result: no
configure:3233: checking whether cc understands -c and -o together
configure:3261: cc -c conftest.c -o conftest2.o >&5
configure:3265: $? = 0
configure:3271: cc -c conftest.c -o conftest2.o >&5
configure:3275: $? = 0
configure:3330: result: yes
configure:3344: checking for system library directory
configure:3359: result: lib
configure:3366: checking if compiler supports -R
configure:3385: cc -o conftest -g -O2   conftest.c -R /usr/lib  >&5
cc: error: unrecognized command line option '-R'
configure:3385: $? = 1
configure: failed program was:
| /* confdefs.h */
| #define PACKAGE_NAME ""
| #define PACKAGE_TARNAME ""
| #define PACKAGE_VERSION ""
| #define PACKAGE_STRING ""
| #define PACKAGE_BUGREPORT ""
| #define PACKAGE_URL ""
| /* end confdefs.h.  */
| 
| int
| main ()
| {
| 
|   ;
|   return 0;
| }
configure:3395: result: no
configure:3400: checking if compiler supports -Wl,-rpath,
configure:3419: cc -o conftest -g -O2   conftest.c -Wl,-rpath,/usr/lib  >&5
configure:3419: $? = 0
configure:3429: result: yes
configure:3474: checking build system type
configure:3488: result: x86_64-unknown-linux-gnu
configure:3508: checking host system type
configure:3521: result: x86_64-unknown-linux-gnu
configure:3541: checking target system type
configure:3554: result: x86_64-unknown-linux-gnu
configure:3657: checking for PHP prefix
configure:3659: result: /usr
configure:3661: checking for PHP includes
configure:3663: result: -I/usr/include/php -I/usr/include/php/main -I/usr/include/php/TSRM -I/usr/include/php/Zend -I/usr/include/php/ext -I/usr/include/php/ext/date/lib
configure:3665: checking for PHP extension directory
configure:3667: result: /usr/lib64/php/modules
configure:3669: checking for PHP installed headers prefix
configure:3671: result: /usr/include/php
configure:3674: checking if debug is enabled
configure:3700: result: no
configure:3703: checking if zts is enabled
configure:3729: result: no
configure:3800: checking for re2c
configure:3830: result: no
configure:3855: WARNING: You will need re2c 0.13.4 or later if you want to regenerate PHP parsers.
configure:3869: checking for gawk
configure:3886: found /usr/bin/gawk
configure:3897: result: gawk
configure:3941: checking whether to enable Xdebug support
configure:3980: result: yes, shared
configure:3989: checking whether to enable Xdebug developer build flags
configure:4003: result: no
configure:4011: checking Check for supported PHP versions
configure:4021: result: supported (7.2.30)
configure:4035: checking for gettimeofday
configure:4035: cc -o conftest -g -O2 -I/usr/include/php -I/usr/include/php/main -I/usr/include/php/TSRM -I/usr/include/php/Zend -I/usr/include/php/ext -I/usr/include/php/ext/date/lib   conftest.c  >&5
configure:4035: $? = 0
configure:4035: result: yes
configure:4044: checking for ANSI C header files
configure:4064: cc -c -g -O2 -I/usr/include/php -I/usr/include/php/main -I/usr/include/php/TSRM -I/usr/include/php/Zend -I/usr/include/php/ext -I/usr/include/php/ext/date/lib  conftest.c >&5
configure:4064: $? = 0
configure:4137: cc -o conftest -g -O2 -I/usr/include/php -I/usr/include/php/main -I/usr/include/php/TSRM -I/usr/include/php/Zend -I/usr/include/php/ext -I/usr/include/php/ext/date/lib   conftest.c  >&5
configure:4137: $? = 0
configure:4137: ./conftest
configure:4137: $? = 0
configure:4148: result: yes
configure:4161: checking for sys/types.h
configure:4161: cc -c -g -O2 -I/usr/include/php -I/usr/include/php/main -I/usr/include/php/TSRM -I/usr/include/php/Zend -I/usr/include/php/ext -I/usr/include/php/ext/date/lib  conftest.c >&5
configure:4161: $? = 0
configure:4161: result: yes
configure:4161: checking for sys/stat.h
configure:4161: cc -c -g -O2 -I/usr/include/php -I/usr/include/php/main -I/usr/include/php/TSRM -I/usr/include/php/Zend -I/usr/include/php/ext -I/usr/include/php/ext/date/lib  conftest.c >&5
configure:4161: $? = 0
configure:4161: result: yes
configure:4161: checking for stdlib.h
configure:4161: cc -c -g -O2 -I/usr/include/php -I/usr/include/php/main -I/usr/include/php/TSRM -I/usr/include/php/Zend -I/usr/include/php/ext -I/usr/include/php/ext/date/lib  conftest.c >&5
configure:4161: $? = 0
configure:4161: result: yes
configure:4161: checking for string.h
configure:4161: cc -c -g -O2 -I/usr/include/php -I/usr/include/php/main -I/usr/include/php/TSRM -I/usr/include/php/Zend -I/usr/include/php/ext -I/usr/include/php/ext/date/lib  conftest.c >&5
configure:4161: $? = 0
configure:4161: result: yes
configure:4161: checking for memory.h
configure:4161: cc -c -g -O2 -I/usr/include/php -I/usr/include/php/main -I/usr/include/php/TSRM -I/usr/include/php/Zend -I/usr/include/php/ext -I/usr/include/php/ext/date/lib  conftest.c >&5
configure:4161: $? = 0
configure:4161: result: yes
configure:4161: checking for strings.h
configure:4161: cc -c -g -O2 -I/usr/include/php -I/usr/include/php/main -I/usr/include/php/TSRM -I/usr/include/php/Zend -I/usr/include/php/ext -I/usr/include/php/ext/date/lib  conftest.c >&5
configure:4161: $? = 0
configure:4161: result: yes
configure:4161: checking for inttypes.h
configure:4161: cc -c -g -O2 -I/usr/include/php -I/usr/include/php/main -I/usr/include/php/TSRM -I/usr/include/php/Zend -I/usr/include/php/ext -I/usr/include/php/ext/date/lib  conftest.c >&5
configure:4161: $? = 0
configure:4161: result: yes
configure:4161: checking for stdint.h
configure:4161: cc -c -g -O2 -I/usr/include/php -I/usr/include/php/main -I/usr/include/php/TSRM -I/usr/include/php/Zend -I/usr/include/php/ext -I/usr/include/php/ext/date/lib  conftest.c >&5
configure:4161: $? = 0
configure:4161: result: yes
configure:4161: checking for unistd.h
configure:4161: cc -c -g -O2 -I/usr/include/php -I/usr/include/php/main -I/usr/include/php/TSRM -I/usr/include/php/Zend -I/usr/include/php/ext -I/usr/include/php/ext/date/lib  conftest.c >&5
configure:4161: $? = 0
configure:4161: result: yes
configure:4176: checking netinet/in.h usability
configure:4176: cc -c -g -O2 -I/usr/include/php -I/usr/include/php/main -I/usr/include/php/TSRM -I/usr/include/php/Zend -I/usr/include/php/ext -I/usr/include/php/ext/date/lib  conftest.c >&5
configure:4176: $? = 0
configure:4176: result: yes
configure:4176: checking netinet/in.h presence
configure:4176: cc -E -I/usr/include/php -I/usr/include/php/main -I/usr/include/php/TSRM -I/usr/include/php/Zend -I/usr/include/php/ext -I/usr/include/php/ext/date/lib  conftest.c
configure:4176: $? = 0
configure:4176: result: yes
configure:4176: checking for netinet/in.h
configure:4176: result: yes
configure:4176: checking poll.h usability
configure:4176: cc -c -g -O2 -I/usr/include/php -I/usr/include/php/main -I/usr/include/php/TSRM -I/usr/include/php/Zend -I/usr/include/php/ext -I/usr/include/php/ext/date/lib  conftest.c >&5
configure:4176: $? = 0
configure:4176: result: yes
configure:4176: checking poll.h presence
configure:4176: cc -E -I/usr/include/php -I/usr/include/php/main -I/usr/include/php/TSRM -I/usr/include/php/Zend -I/usr/include/php/ext -I/usr/include/php/ext/date/lib  conftest.c
configure:4176: $? = 0
configure:4176: result: yes
configure:4176: checking for poll.h
configure:4176: result: yes
configure:4176: checking sys/poll.h usability
configure:4176: cc -c -g -O2 -I/usr/include/php -I/usr/include/php/main -I/usr/include/php/TSRM -I/usr/include/php/Zend -I/usr/include/php/ext -I/usr/include/php/ext/date/lib  conftest.c >&5
configure:4176: $? = 0
configure:4176: result: yes
configure:4176: checking sys/poll.h presence
configure:4176: cc -E -I/usr/include/php -I/usr/include/php/main -I/usr/include/php/TSRM -I/usr/include/php/Zend -I/usr/include/php/ext -I/usr/include/php/ext/date/lib  conftest.c
configure:4176: $? = 0
configure:4176: result: yes
configure:4176: checking for sys/poll.h
configure:4176: result: yes
configure:4292: checking for cos in -lm
configure:4317: cc -o conftest -g -O2 -I/usr/include/php -I/usr/include/php/main -I/usr/include/php/TSRM -I/usr/include/php/Zend -I/usr/include/php/ext -I/usr/include/php/ext/date/lib   conftest.c -lm   >&5
conftest.c:31:6: warning: conflicting types for built-in function 'cos' [enabled by default]
 char cos ();
      ^
configure:4317: $? = 0
configure:4326: result: yes
configure:5803: checking how to print strings
configure:5830: result: printf
configure:5851: checking for a sed that does not truncate output
configure:5915: result: /usr/bin/sed
configure:5933: checking for fgrep
configure:5995: result: /usr/bin/grep -F
configure:6030: checking for ld used by cc
configure:6097: result: /usr/bin/ld
configure:6104: checking if the linker (/usr/bin/ld) is GNU ld
configure:6119: result: yes
configure:6131: checking for BSD- or MS-compatible name lister (nm)
configure:6180: result: /usr/bin/nm -B
configure:6310: checking the name lister (/usr/bin/nm -B) interface
configure:6317: cc -c -g -O2  conftest.c >&5
configure:6320: /usr/bin/nm -B "conftest.o"
configure:6323: output
0000000000000000 B some_variable
configure:6330: result: BSD nm
configure:6333: checking whether ln -s works
configure:6337: result: yes
configure:6345: checking the maximum length of command line arguments
configure:6475: result: 1572864
configure:6492: checking whether the shell understands some XSI constructs
configure:6502: result: yes
configure:6506: checking whether the shell understands "+="
configure:6512: result: yes
configure:6547: checking how to convert x86_64-unknown-linux-gnu file names to x86_64-unknown-linux-gnu format
configure:6587: result: func_convert_file_noop
configure:6594: checking how to convert x86_64-unknown-linux-gnu file names to toolchain format
configure:6614: result: func_convert_file_noop
configure:6621: checking for /usr/bin/ld option to reload object files
configure:6628: result: -r
configure:6702: checking for objdump
configure:6718: found /usr/bin/objdump
configure:6729: result: objdump
configure:6761: checking how to recognize dependent libraries
configure:6963: result: pass_all
configure:7048: checking for dlltool
configure:7078: result: no
configure:7108: checking how to associate runtime and link libraries
configure:7135: result: printf %s\n
configure:7195: checking for ar
configure:7211: found /usr/bin/ar
configure:7222: result: ar
configure:7259: checking for archiver @FILE support
configure:7276: cc -c -g -O2  conftest.c >&5
configure:7276: $? = 0
configure:7279: ar cru libconftest.a @conftest.lst >&5
configure:7282: $? = 0
configure:7287: ar cru libconftest.a @conftest.lst >&5
ar: conftest.o: No such file or directory
configure:7290: $? = 1
configure:7302: result: @
configure:7360: checking for strip
configure:7376: found /usr/bin/strip
configure:7387: result: strip
configure:7459: checking for ranlib
configure:7475: found /usr/bin/ranlib
configure:7486: result: ranlib
configure:7563: checking for gawk
configure:7590: result: gawk
configure:7630: checking command to parse /usr/bin/nm -B output from cc object
configure:7750: cc -c -g -O2  conftest.c >&5
configure:7753: $? = 0
configure:7757: /usr/bin/nm -B conftest.o \| sed -n -e 's/^.*[ ]\([ABCDGIRSTW][ABCDGIRSTW]*\)[ ][ ]*\([_A-Za-z][_A-Za-z0-9]*\)$/\1 \2 \2/p' | sed '/ __gnu_lto/d' \> conftest.nm
configure:7760: $? = 0
configure:7826: cc -o conftest -g -O2   conftest.c conftstm.o >&5
configure:7829: $? = 0
configure:7867: result: ok
configure:7904: checking for sysroot
configure:7934: result: no
configure:8011: cc -c -g -O2  conftest.c >&5
configure:8014: $? = 0
configure:8190: checking for mt
configure:8220: result: no
configure:8240: checking if : is a manifest tool
configure:8246: : '-?'
configure:8254: result: no
configure:8893: checking for dlfcn.h
configure:8893: cc -c -g -O2  conftest.c >&5
configure:8893: $? = 0
configure:8893: result: yes
configure:9099: checking for objdir
configure:9114: result: .libs
configure:9385: checking if cc supports -fno-rtti -fno-exceptions
configure:9403: cc -c -g -O2  -fno-rtti -fno-exceptions conftest.c >&5
cc1: warning: command line option '-fno-rtti' is valid for C++/ObjC++ but not for C [enabled by default]
configure:9407: $? = 0
configure:9420: result: no
configure:9747: checking for cc option to produce PIC
configure:9754: result: -fPIC -DPIC
configure:9762: checking if cc PIC flag -fPIC -DPIC works
configure:9780: cc -c -g -O2  -fPIC -DPIC -DPIC conftest.c >&5
configure:9784: $? = 0
configure:9797: result: yes
configure:9826: checking if cc static flag -static works
configure:9854: result: no
configure:9869: checking if cc supports -c -o file.o
configure:9890: cc -c -g -O2  -o out/conftest2.o conftest.c >&5
configure:9894: $? = 0
configure:9916: result: yes
configure:9924: checking if cc supports -c -o file.o
configure:9971: result: yes
configure:10004: checking whether the cc linker (/usr/bin/ld -m elf_x86_64) supports shared libraries
configure:11157: result: yes
configure:11194: checking whether -lc should be explicitly linked in
configure:11202: cc -c -g -O2  conftest.c >&5
configure:11205: $? = 0
configure:11220: cc -shared  -fPIC -DPIC conftest.o  -v -Wl,-soname -Wl,conftest -o conftest 2\>\&1 \| /usr/bin/grep  -lc  \>/dev/null 2\>\&1
configure:11223: $? = 0
configure:11237: result: no
configure:11397: checking dynamic linker characteristics
configure:11908: cc -o conftest -g -O2   -Wl,-rpath -Wl,/foo conftest.c  >&5
configure:11908: $? = 0
configure:12134: result: GNU/Linux ld.so
configure:12241: checking how to hardcode library paths into programs
configure:12266: result: immediate
configure:12806: checking whether stripping libraries is possible
configure:12811: result: yes
configure:12846: checking if libtool supports shared libraries
configure:12848: result: yes
configure:12851: checking whether to build shared libraries
configure:12872: result: yes
configure:12875: checking whether to build static libraries
configure:12879: result: no
configure:13154: creating ./config.status

## ---------------------- ##
## Running config.status. ##
## ---------------------- ##

This file was extended by config.status, which was
generated by GNU Autoconf 2.69.  Invocation command line was

  CONFIG_FILES    = 
  CONFIG_HEADERS  = 
  CONFIG_LINKS    = 
  CONFIG_COMMANDS = 
  $ ./config.status 

on webstore

config.status:891: creating config.h
config.status:995: executing libtool commands

## ---------------- ##
## Cache variables. ##
## ---------------- ##

ac_cv_build=x86_64-unknown-linux-gnu
ac_cv_c_compiler_gnu=yes
ac_cv_env_CC_set=
ac_cv_env_CC_value=
ac_cv_env_CFLAGS_set=
ac_cv_env_CFLAGS_value=
ac_cv_env_CPPFLAGS_set=
ac_cv_env_CPPFLAGS_value=
ac_cv_env_CPP_set=
ac_cv_env_CPP_value=
ac_cv_env_LDFLAGS_set=
ac_cv_env_LDFLAGS_value=
ac_cv_env_LIBS_set=
ac_cv_env_LIBS_value=
ac_cv_env_build_alias_set=
ac_cv_env_build_alias_value=
ac_cv_env_host_alias_set=
ac_cv_env_host_alias_value=
ac_cv_env_target_alias_set=
ac_cv_env_target_alias_value=
ac_cv_func_gettimeofday=yes
ac_cv_header_dlfcn_h=yes
ac_cv_header_inttypes_h=yes
ac_cv_header_memory_h=yes
ac_cv_header_netinet_in_h=yes
ac_cv_header_poll_h=yes
ac_cv_header_stdc=yes
ac_cv_header_stdint_h=yes
ac_cv_header_stdlib_h=yes
ac_cv_header_string_h=yes
ac_cv_header_strings_h=yes
ac_cv_header_sys_poll_h=yes
ac_cv_header_sys_stat_h=yes
ac_cv_header_sys_types_h=yes
ac_cv_header_unistd_h=yes
ac_cv_host=x86_64-unknown-linux-gnu
ac_cv_lib_m_cos=yes
ac_cv_objext=o
ac_cv_path_EGREP='/usr/bin/grep -E'
ac_cv_path_FGREP='/usr/bin/grep -F'
ac_cv_path_GREP=/usr/bin/grep
ac_cv_path_SED=/usr/bin/sed
ac_cv_prog_AWK=gawk
ac_cv_prog_CPP='cc -E'
ac_cv_prog_ac_ct_AR=ar
ac_cv_prog_ac_ct_CC=cc
ac_cv_prog_ac_ct_OBJDUMP=objdump
ac_cv_prog_ac_ct_RANLIB=ranlib
ac_cv_prog_ac_ct_STRIP=strip
ac_cv_prog_cc_c89=
ac_cv_prog_cc_cc_c_o=yes
ac_cv_prog_cc_g=yes
ac_cv_target=x86_64-unknown-linux-gnu
lt_cv_ar_at_file=@
lt_cv_archive_cmds_need_lc=no
lt_cv_deplibs_check_method=pass_all
lt_cv_file_magic_cmd='$MAGIC_CMD'
lt_cv_file_magic_test_file=
lt_cv_ld_reload_flag=-r
lt_cv_nm_interface='BSD nm'
lt_cv_objdir=.libs
lt_cv_path_LD=/usr/bin/ld
lt_cv_path_NM='/usr/bin/nm -B'
lt_cv_path_mainfest_tool=no
lt_cv_prog_compiler_c_o=yes
lt_cv_prog_compiler_pic='-fPIC -DPIC'
lt_cv_prog_compiler_pic_works=yes
lt_cv_prog_compiler_rtti_exceptions=no
lt_cv_prog_compiler_static_works=no
lt_cv_prog_gnu_ld=yes
lt_cv_sharedlib_from_linklib_cmd='printf %s\n'
lt_cv_shlibpath_overrides_runpath=no
lt_cv_sys_global_symbol_pipe='sed -n -e '\''s/^.*[	 ]\([ABCDGIRSTW][ABCDGIRSTW]*\)[	 ][	 ]*\([_A-Za-z][_A-Za-z0-9]*\)$/\1 \2 \2/p'\'' | sed '\''/ __gnu_lto/d'\'''
lt_cv_sys_global_symbol_to_c_name_address='sed -n -e '\''s/^: \([^ ]*\)[ ]*$/  {\"\1\", (void *) 0},/p'\'' -e '\''s/^[ABCDGIRSTW]* \([^ ]*\) \([^ ]*\)$/  {"\2", (void *) \&\2},/p'\'''
lt_cv_sys_global_symbol_to_c_name_address_lib_prefix='sed -n -e '\''s/^: \([^ ]*\)[ ]*$/  {\"\1\", (void *) 0},/p'\'' -e '\''s/^[ABCDGIRSTW]* \([^ ]*\) \(lib[^ ]*\)$/  {"\2", (void *) \&\2},/p'\'' -e '\''s/^[ABCDGIRSTW]* \([^ ]*\) \([^ ]*\)$/  {"lib\2", (void *) \&\2},/p'\'''
lt_cv_sys_global_symbol_to_cdecl='sed -n -e '\''s/^T .* \(.*\)$/extern int \1();/p'\'' -e '\''s/^[ABCDGIRSTW]* .* \(.*\)$/extern char \1;/p'\'''
lt_cv_sys_max_cmd_len=1572864
lt_cv_to_host_file_cmd=func_convert_file_noop
lt_cv_to_tool_file_cmd=func_convert_file_noop
php_cv_cc_dashr=no
php_cv_cc_rpath=yes

## ----------------- ##
## Output variables. ##
## ----------------- ##

AR='ar'
AWK='gawk'
CC='cc'
CFLAGS='-g -O2'
CONFIGURE_COMMAND=' '\''./configure'\'' '
CONFIGURE_OPTIONS=''
CPP='cc -E'
CPPFLAGS=' -DHAVE_CONFIG_H'
DEFS='-DHAVE_CONFIG_H'
DLLTOOL='false'
DSYMUTIL=''
DUMPBIN=''
ECHO_C=''
ECHO_N='-n'
ECHO_T=''
EGREP='/usr/bin/grep -E'
EXEEXT=''
FGREP='/usr/bin/grep -F'
GREP='/usr/bin/grep'
LD='/usr/bin/ld -m elf_x86_64'
LDFLAGS=''
LIBOBJS=''
LIBS=''
LIBTOOL='$(SHELL) $(top_builddir)/libtool'
LIPO=''
LN_S='ln -s'
LTLIBOBJS=''
MANIFEST_TOOL=':'
NM='/usr/bin/nm -B'
NMEDIT=''
OBJDUMP='objdump'
OBJEXT='o'
OTOOL64=''
OTOOL=''
PACKAGE_BUGREPORT=''
PACKAGE_NAME=''
PACKAGE_STRING=''
PACKAGE_TARNAME=''
PACKAGE_URL=''
PACKAGE_VERSION=''
PATH_SEPARATOR=':'
RANLIB='ranlib'
RE2C='exit 0;'
SED='/usr/bin/sed'
SHELL='/bin/sh'
SHLIB_DL_SUFFIX_NAME='so'
SHLIB_SUFFIX_NAME='so'
STRIP='strip'
ac_ct_AR='ar'
ac_ct_CC='cc'
ac_ct_DUMPBIN=''
bindir='${exec_prefix}/bin'
build='x86_64-unknown-linux-gnu'
build_alias=''
build_cpu='x86_64'
build_os='linux-gnu'
build_vendor='unknown'
datadir='${datarootdir}'
datarootdir='${prefix}/share'
docdir='${datarootdir}/doc/${PACKAGE}'
dvidir='${docdir}'
exec_prefix='$(prefix)'
host='x86_64-unknown-linux-gnu'
host_alias='x86_64-unknown-linux-gnu'
host_cpu='x86_64'
host_os='linux-gnu'
host_vendor='unknown'
htmldir='${docdir}'
includedir='${prefix}/include'
infodir='${datarootdir}/info'
libdir='${exec_prefix}/lib'
libexecdir='${exec_prefix}/libexec'
localedir='${datarootdir}/locale'
localstatedir='${prefix}/var'
mandir='${datarootdir}/man'
oldincludedir='/usr/include'
pdfdir='${docdir}'
prefix='/usr'
program_transform_name='s,x,x,'
psdir='${docdir}'
sbindir='${exec_prefix}/sbin'
sharedstatedir='${prefix}/com'
sysconfdir='${prefix}/etc'
target='x86_64-unknown-linux-gnu'
target_alias=''
target_cpu='x86_64'
target_os='linux-gnu'
target_vendor='unknown'

## ----------- ##
## confdefs.h. ##
## ----------- ##

/* confdefs.h */
#define PACKAGE_NAME ""
#define PACKAGE_TARNAME ""
#define PACKAGE_VERSION ""
#define PACKAGE_STRING ""
#define PACKAGE_BUGREPORT ""
#define PACKAGE_URL ""
#define HAVE_XDEBUG 1
#define HAVE_GETTIMEOFDAY 1
#define STDC_HEADERS 1
#define HAVE_SYS_TYPES_H 1
#define HAVE_SYS_STAT_H 1
#define HAVE_STDLIB_H 1
#define HAVE_STRING_H 1
#define HAVE_MEMORY_H 1
#define HAVE_STRINGS_H 1
#define HAVE_INTTYPES_H 1
#define HAVE_STDINT_H 1
#define HAVE_UNISTD_H 1
#define HAVE_NETINET_IN_H 1
#define HAVE_POLL_H 1
#define HAVE_SYS_POLL_H 1
#define COMPILE_DL_XDEBUG 1
#define HAVE_DLFCN_H 1
#define LT_OBJDIR ".libs/"

configure: exit 0
